<?xml version="1.0" encoding="UTF-8"?>
<!-- Generated by org.testng.reporters.JUnitReportReporter -->
<testsuite hostname="3e-wa-0105" failures="0" tests="2" name="Tests" time="44.941" errors="0" timestamp="12 cze 2019 12:05:26 GMT" skipped="0">
  <testcase classname="Tests" name="test001_logowanie" time="22.145"/>
  <testcase classname="Tests" name="test002_fillExpertsApplication" time="22.796"/>
</testsuite> <!-- Tests -->
