<?xml version="1.0" encoding="UTF-8"?>
<!-- Generated by org.testng.reporters.JUnitReportReporter -->
<testsuite hostname="3e-wa-0105" failures="0" tests="2" name="Tests" time="43.695" errors="0" timestamp="11 cze 2019 08:54:46 GMT" skipped="0">
  <testcase classname="Tests" name="test001_logowanie" time="21.837"/>
  <testcase classname="Tests" name="test002_fillExpertsApplication" time="21.858"/>
</testsuite> <!-- Tests -->
