<?xml version="1.0" encoding="UTF-8"?>
<!-- Generated by org.testng.reporters.JUnitReportReporter -->
<testsuite hostname="mk-PC" failures="0" tests="3" name="Tests" time="108.136" errors="0" timestamp="24 cze 2019 15:53:56 GMT" skipped="0">
  <testcase classname="Tests" name="test003_fillPolishLanguagePromotion" time="51.180"/>
  <testcase classname="Tests" name="test001_logowanie" time="30.249"/>
  <testcase classname="Tests" name="test002_fillExpertsApplication" time="26.707"/>
</testsuite> <!-- Tests -->
