<?xml version="1.0" encoding="UTF-8"?>
<!-- Generated by org.testng.reporters.JUnitReportReporter -->
<testsuite hostname="mk-PC" failures="0" tests="3" name="Tests" time="87.113" errors="0" timestamp="18 cze 2019 17:36:45 GMT" skipped="0">
  <testcase classname="Tests" name="test003_fillPolishLanguagePromotion" time="50.592"/>
  <testcase classname="Tests" name="test001_logowanie" time="14.947"/>
  <testcase classname="Tests" name="test002_fillExpertsApplication" time="21.574"/>
</testsuite> <!-- Tests -->
