<?xml version="1.0" encoding="UTF-8"?>
<!-- Generated by org.testng.reporters.JUnitReportReporter -->
<testsuite hostname="mk-PC" failures="0" tests="3" name="Tests" time="83.846" errors="0" timestamp="27 cze 2019 13:10:53 GMT" skipped="0">
  <testcase classname="Tests" name="test002_fillExpertsApplication" time="18.687"/>
  <testcase classname="Tests" name="test001_logowanie" time="16.863"/>
  <testcase classname="Tests" name="test003_fillPolishLanguagePromotion" time="48.296"/>
</testsuite> <!-- Tests -->
