<?xml version="1.0" encoding="UTF-8"?>
<!-- Generated by org.testng.reporters.JUnitReportReporter -->
<testsuite hostname="mk-PC" failures="0" tests="3" name="Tests" time="92.362" errors="0" timestamp="20 cze 2019 19:03:04 GMT" skipped="0">
  <testcase classname="Tests" name="test001_logowanie" time="15.930"/>
  <testcase classname="Tests" name="test002_fillExpertsApplication" time="22.741"/>
  <testcase classname="Tests" name="test003_fillPolishLanguagePromotion" time="53.691"/>
</testsuite> <!-- Tests -->
