<?xml version="1.0" encoding="UTF-8"?>
<!-- Generated by org.testng.reporters.JUnitReportReporter -->
<testsuite hostname="mk-PC" failures="0" tests="3" name="Tests" time="98.353" errors="0" timestamp="27 cze 2019 09:21:06 GMT" skipped="0">
  <testcase classname="Tests" name="test002_fillExpertsApplication" time="20.906"/>
  <testcase classname="Tests" name="test001_logowanie" time="16.522"/>
  <testcase classname="Tests" name="test003_fillPolishLanguagePromotion" time="60.925"/>
</testsuite> <!-- Tests -->
