<?xml version="1.0" encoding="UTF-8"?>
<!-- Generated by org.testng.reporters.JUnitReportReporter -->
<testsuite hostname="mk-PC" failures="0" tests="3" name="Tests" time="101.279" errors="0" timestamp="27 cze 2019 12:39:40 GMT" skipped="0">
  <testcase classname="Tests" name="test002_fillExpertsApplication" time="21.977"/>
  <testcase classname="Tests" name="test003_fillPolishLanguagePromotion" time="59.812"/>
  <testcase classname="Tests" name="test001_logowanie" time="19.490"/>
</testsuite> <!-- Tests -->
