<?xml version="1.0" encoding="UTF-8"?>
<!-- Generated by org.testng.reporters.JUnitReportReporter -->
<testsuite skipped="0" hostname="W-CSLQM62" name="Tests" tests="1" failures="0" timestamp="05 lip 2019 11:36:33 GMT" time="6.586" errors="0">
  <testcase name="test001_logowanie" time="6.586" classname="Tests"/>
</testsuite> <!-- Tests -->
